<?xml version="1.0" encoding="UTF-8"?>
<testng-results ignored="0" total="1" passed="1" failed="0" skipped="0">
  <reporter-output>
  </reporter-output>
  <suite started-at="2023-10-22T09:46:41 IST" name="Default suite" finished-at="2023-10-22T09:47:02 IST" duration-ms="20989">
    <groups>
    </groups>
    <test started-at="2023-10-22T09:46:41 IST" name="Default test" finished-at="2023-10-22T09:47:02 IST" duration-ms="20989">
      <class name="automationExercises.TC05AutomationExercises">
        <test-method is-config="true" signature="setUp()[pri:0, instance:automationExercises.TC05AutomationExercises@350aac89]" started-at="2023-10-22T09:46:41 IST" name="setUp" finished-at="2023-10-22T09:46:54 IST" duration-ms="12767" status="PASS">
          <reporter-output>
          </reporter-output>
        </test-method> <!-- setUp -->
        <test-method signature="test1()[pri:0, instance:automationExercises.TC05AutomationExercises@350aac89]" started-at="2023-10-22T09:46:54 IST" name="test1" finished-at="2023-10-22T09:47:00 IST" duration-ms="5808" status="PASS">
          <reporter-output>
          </reporter-output>
        </test-method> <!-- test1 -->
        <test-method is-config="true" signature="tearDown()[pri:0, instance:automationExercises.TC05AutomationExercises@350aac89]" started-at="2023-10-22T09:47:00 IST" name="tearDown" finished-at="2023-10-22T09:47:02 IST" duration-ms="2301" status="PASS">
          <reporter-output>
          </reporter-output>
        </test-method> <!-- tearDown -->
      </class> <!-- automationExercises.TC05AutomationExercises -->
    </test> <!-- Default test -->
  </suite> <!-- Default suite -->
</testng-results>
